Using pre-set license
Built from '2021.3/staging' branch; Version is '2021.3.14f1 (eee1884e7226) revision 15655304'; Using compiler version '192829333'; Build Type 'Release'
OS: 'Windows 10  (10.0.19045) 64bit Professional' Language: 'ru' Physical Memory: 16088 MB
BatchMode: 1, IsHumanControllingUs: 0, StartBugReporterOnCrash: 0, Is64bit: 1, IsPro: 1

COMMAND LINE ARGUMENTS:
E:\2021.3.14f1\Editor\Unity.exe
-adb2
-batchMode
-noUpm
-name
AssetImportWorker0
-projectPath
C:/DreamWorld
-logFile
Logs/AssetImportWorker0.log
-srvPort
61060
Successfully changed project path to: C:/DreamWorld
C:/DreamWorld
[UnityMemory] Configuration Parameters - Can be set up in boot.config
    "memorysetup-bucket-allocator-granularity=16"
    "memorysetup-bucket-allocator-bucket-count=8"
    "memorysetup-bucket-allocator-block-size=33554432"
    "memorysetup-bucket-allocator-block-count=8"
    "memorysetup-main-allocator-block-size=16777216"
    "memorysetup-thread-allocator-block-size=16777216"
    "memorysetup-gfx-main-allocator-block-size=16777216"
    "memorysetup-gfx-thread-allocator-block-size=16777216"
    "memorysetup-cache-allocator-block-size=4194304"
    "memorysetup-typetree-allocator-block-size=2097152"
    "memorysetup-profiler-bucket-allocator-granularity=16"
    "memorysetup-profiler-bucket-allocator-bucket-count=8"
    "memorysetup-profiler-bucket-allocator-block-size=33554432"
    "memorysetup-profiler-bucket-allocator-block-count=8"
    "memorysetup-profiler-allocator-block-size=16777216"
    "memorysetup-profiler-editor-allocator-block-size=1048576"
    "memorysetup-temp-allocator-size-main=16777216"
    "memorysetup-job-temp-allocator-block-size=2097152"
    "memorysetup-job-temp-allocator-block-size-background=1048576"
    "memorysetup-job-temp-allocator-reduction-small-platforms=262144"
    "memorysetup-temp-allocator-size-background-worker=32768"
    "memorysetup-temp-allocator-size-job-worker=262144"
    "memorysetup-temp-allocator-size-preload-manager=33554432"
    "memorysetup-temp-allocator-size-nav-mesh-worker=65536"
    "memorysetup-temp-allocator-size-audio-worker=65536"
    "memorysetup-temp-allocator-size-cloud-worker=32768"
    "memorysetup-temp-allocator-size-gi-baking-worker=262144"
    "memorysetup-temp-allocator-size-gfx=262144"
Refreshing native plugins compatible for Editor in 48.55 ms, found 3 plugins.
Preloading 0 native plugins for Editor in 0.00 ms.
Initialize engine version: 2021.3.14f1 (eee1884e7226)
[Subsystems] Discovering subsystems at path E:/2021.3.14f1/Editor/Data/Resources/UnitySubsystems
[Subsystems] Discovering subsystems at path C:/DreamWorld/Assets
GfxDevice: creating device client; threaded=0; jobified=0
Direct3D:
    Version:  Direct3D 11.0 [level 11.1]
    Renderer: NVIDIA GeForce RTX 3070 Laptop GPU (ID=0x249d)
    Vendor:   NVIDIA
    VRAM:     8044 MB
    Driver:   30.0.15.1295
Initialize mono
Mono path[0] = 'E:/2021.3.14f1/Editor/Data/Managed'
Mono path[1] = 'E:/2021.3.14f1/Editor/Data/MonoBleedingEdge/lib/mono/unityjit-win32'
Mono config path = 'E:/2021.3.14f1/Editor/Data/MonoBleedingEdge/etc'
Using monoOptions --debugger-agent=transport=dt_socket,embedding=1,server=y,suspend=n,address=127.0.0.1:56600
Begin MonoManager ReloadAssembly
Registering precompiled unity dll's ...
Register platform support module: E:/2021.3.14f1/Editor/Data/PlaybackEngines/AndroidPlayer/UnityEditor.Android.Extensions.dll
Register platform support module: E:/2021.3.14f1/Editor/Data/PlaybackEngines/WindowsStandaloneSupport/UnityEditor.WindowsStandalone.Extensions.dll
Registered in 0.002773 seconds.
Native extension for WindowsStandalone target not found
Native extension for Android target not found
Refreshing native plugins compatible for Editor in 41.34 ms, found 3 plugins.
Preloading 0 native plugins for Editor in 0.00 ms.
Mono: successfully reloaded assembly
- Completed reload, in  0.609 seconds
Domain Reload Profiling:
	ReloadAssembly (610ms)
		BeginReloadAssembly (50ms)
			ExecutionOrderSort (0ms)
			DisableScriptedObjects (0ms)
			BackupInstance (0ms)
			ReleaseScriptingObjects (0ms)
			CreateAndSetChildDomain (1ms)
		EndReloadAssembly (453ms)
			LoadAssemblies (49ms)
			RebuildTransferFunctionScriptingTraits (0ms)
			SetupTypeCache (109ms)
			ReleaseScriptCaches (0ms)
			RebuildScriptCaches (30ms)
			SetupLoadedEditorAssemblies (264ms)
				LogAssemblyErrors (0ms)
				InitializePlatformSupportModulesInManaged (54ms)
				SetLoadedEditorAssemblies (0ms)
				RefreshPlugins (41ms)
				BeforeProcessingInitializeOnLoad (2ms)
				ProcessInitializeOnLoadAttributes (107ms)
				ProcessInitializeOnLoadMethodAttributes (60ms)
				AfterProcessingInitializeOnLoad (0ms)
				EditorAssembliesLoaded (0ms)
			ExecutionOrderSort2 (0ms)
			AwakeInstancesAfterBackupRestoration (0ms)
Platform modules already initialized, skipping
Registering precompiled user dll's ...
Registered in 0.003746 seconds.
Begin MonoManager ReloadAssembly
Native extension for WindowsStandalone target not found
Native extension for Android target not found
Refreshing native plugins compatible for Editor in 39.66 ms, found 3 plugins.
Preloading 0 native plugins for Editor in 0.00 ms.
Mono: successfully reloaded assembly
- Completed reload, in  1.077 seconds
Domain Reload Profiling:
	ReloadAssembly (1078ms)
		BeginReloadAssembly (240ms)
			ExecutionOrderSort (0ms)
			DisableScriptedObjects (7ms)
			BackupInstance (0ms)
			ReleaseScriptingObjects (0ms)
			CreateAndSetChildDomain (154ms)
		EndReloadAssembly (727ms)
			LoadAssemblies (58ms)
			RebuildTransferFunctionScriptingTraits (0ms)
			SetupTypeCache (183ms)
			ReleaseScriptCaches (0ms)
			RebuildScriptCaches (53ms)
			SetupLoadedEditorAssemblies (367ms)
				LogAssemblyErrors (0ms)
				InitializePlatformSupportModulesInManaged (13ms)
				SetLoadedEditorAssemblies (0ms)
				RefreshPlugins (40ms)
				BeforeProcessingInitializeOnLoad (60ms)
				ProcessInitializeOnLoadAttributes (228ms)
				ProcessInitializeOnLoadMethodAttributes (23ms)
				AfterProcessingInitializeOnLoad (3ms)
				EditorAssembliesLoaded (0ms)
			ExecutionOrderSort2 (0ms)
			AwakeInstancesAfterBackupRestoration (9ms)
Platform modules already initialized, skipping
========================================================================
Worker process is ready to serve import requests
Shader 'Unlit/Outline': fallback shader 'Hidden/Shader Graph/FallbackError' not found
Shader 'Unlit/Outline': fallback shader 'Hidden/Shader Graph/FallbackError' not found
Launched and connected shader compiler UnityShaderCompiler.exe after 0.04 seconds
Refreshing native plugins compatible for Editor in 0.47 ms, found 3 plugins.
Preloading 0 native plugins for Editor in 0.00 ms.
Unloading 2002 Unused Serialized files (Serialized files now loaded: 0)
Unloading 42 unused Assets / (1.4 MB). Loaded Objects now: 2447.
Memory consumption went from 93.9 MB to 92.5 MB.
Total: 2.113600 ms (FindLiveObjects: 0.126800 ms CreateObjectMapping: 0.050000 ms MarkObjects: 1.750800 ms  DeleteObjects: 0.185200 ms)

AssetImportParameters requested are different than current active one (requested -> active):
  custom:video-decoder-ogg-theora: a1e56fd34408186e4bbccfd4996cb3dc -> 
  custom:container-muxer-webm: aa71ff27fc2769a1b78a27578f13a17b -> 
  custom:container-demuxer-webm: 4f35f7cbe854078d1ac9338744f61a02 -> 
  custom:video-encoder-webm-vp8: eb34c28f22e8b96e1ab97ce403110664 -> 
  custom:audio-encoder-webm-vorbis: bf7c407c2cedff20999df2af8eb42d56 -> 
  custom:framework-win-MediaFoundation: 216162199b28c13a410421893ffa2e32 -> 
  custom:container-demuxer-ogg: 62fdf1f143b41e24485cea50d1cbac27 -> 
  custom:video-decoder-webm-vp8: 9c59270c3fd7afecdb556c50c9e8de78 -> 
  custom:audio-decoder-ogg-vorbis: bf7c407c2cedff20999df2af8eb42d56 -> 
========================================================================
Received Import Request.
  Time since last request: 49924.468528 seconds.
  path: Assets/Lobster-Regular.ttf
  artifactKey: Guid(7b56c327d55fff54585cef4e522367b2) Importer(815301076,1909f56bfc062723c751e8b465ee728b)
Start importing Assets/Lobster-Regular.ttf using Guid(7b56c327d55fff54585cef4e522367b2) Importer(815301076,1909f56bfc062723c751e8b465ee728b)  -> (artifact id: 'bbd9425f8292012da0eaaf2942497c6a') in 0.141398 seconds 
========================================================================
Received Import Request.
  Time since last request: 0.000311 seconds.
  path: Assets/Comfortaa-VariableFont_wght.ttf
  artifactKey: Guid(aa59a1a3c5e91f9488506696c941d004) Importer(815301076,1909f56bfc062723c751e8b465ee728b)
Start importing Assets/Comfortaa-VariableFont_wght.ttf using Guid(aa59a1a3c5e91f9488506696c941d004) Importer(815301076,1909f56bfc062723c751e8b465ee728b)  -> (artifact id: 'aafc2bee133515974c2c7a0cc2dec148') in 0.011843 seconds 
========================================================================
Received Import Request.
  Time since last request: 1.324750 seconds.
  path: Assets/Editor/gun-icon-png-28.jpg
  artifactKey: Guid(9269534ca7ceff441887ef91f54eab0f) Importer(815301076,1909f56bfc062723c751e8b465ee728b)
Start importing Assets/Editor/gun-icon-png-28.jpg using Guid(9269534ca7ceff441887ef91f54eab0f) Importer(815301076,1909f56bfc062723c751e8b465ee728b)  -> (artifact id: 'afa0eef9b69b87335bc717e4ae42eee7') in 0.240032 seconds 
========================================================================
Received Import Request.
  Time since last request: 2.396434 seconds.
  path: Assets/Dark UI/DarkUI.unity
  artifactKey: Guid(7941847cbaa79c54c98c22699adc3dc9) Importer(815301076,1909f56bfc062723c751e8b465ee728b)
Start importing Assets/Dark UI/DarkUI.unity using Guid(7941847cbaa79c54c98c22699adc3dc9) Importer(815301076,1909f56bfc062723c751e8b465ee728b)  -> (artifact id: '14c2cb7892c79ef7d9ed6cc30a9f61bd') in 0.002553 seconds 
========================================================================
Received Import Request.
  Time since last request: 1.401791 seconds.
  path: Assets/GLTFUtility/GLTFUtility.asmdef
  artifactKey: Guid(774f0e7b520e24644b448f5ac7fa5d94) Importer(815301076,1909f56bfc062723c751e8b465ee728b)
Start importing Assets/GLTFUtility/GLTFUtility.asmdef using Guid(774f0e7b520e24644b448f5ac7fa5d94) Importer(815301076,1909f56bfc062723c751e8b465ee728b)  -> (artifact id: 'a7f9015522168f64e6a78feb70804ac8') in 0.005562 seconds 
========================================================================
Received Import Request.
  Time since last request: 0.889922 seconds.
  path: Assets/Graphics/statue.002.mat
  artifactKey: Guid(67c0945e31259b740b944001242c37b1) Importer(815301076,1909f56bfc062723c751e8b465ee728b)
Start importing Assets/Graphics/statue.002.mat using Guid(67c0945e31259b740b944001242c37b1) Importer(815301076,1909f56bfc062723c751e8b465ee728b)  -> (artifact id: '07d63009d819139047d7a01498bce852') in 0.190301 seconds 
========================================================================
Received Import Request.
  Time since last request: 3.476008 seconds.
  path: Assets/Plugins/Android
  artifactKey: Guid(19b7915802075e2449c69c58db68b5c5) Importer(815301076,1909f56bfc062723c751e8b465ee728b)
Start importing Assets/Plugins/Android using Guid(19b7915802075e2449c69c58db68b5c5) Importer(815301076,1909f56bfc062723c751e8b465ee728b)  -> (artifact id: 'f6068a691ee4c46c9aef4013badb208f') in 0.003149 seconds 
========================================================================
Received Import Request.
  Time since last request: 31.619989 seconds.
  path: Assets/GLTFUtility/Scripts/Exporter.cs
  artifactKey: Guid(f44abb798dea27c4eaa48bd050b1471f) Importer(815301076,1909f56bfc062723c751e8b465ee728b)
Start importing Assets/GLTFUtility/Scripts/Exporter.cs using Guid(f44abb798dea27c4eaa48bd050b1471f) Importer(815301076,1909f56bfc062723c751e8b465ee728b)  -> (artifact id: '1a359fba3cb0bf4cd78292da204beb97') in 0.008609 seconds 
========================================================================
Received Import Request.
  Time since last request: 9.286522 seconds.
  path: Assets/Resources/Animations/PlayerMak.mask
  artifactKey: Guid(815add41e0cb1c24083de4279ecdd9ae) Importer(815301076,1909f56bfc062723c751e8b465ee728b)
Start importing Assets/Resources/Animations/PlayerMak.mask using Guid(815add41e0cb1c24083de4279ecdd9ae) Importer(815301076,1909f56bfc062723c751e8b465ee728b)  -> (artifact id: '135c5d18068badcf524378d6e83e0ef1') in 0.007540 seconds 
========================================================================
Received Import Request.
  Time since last request: 0.673378 seconds.
  path: Assets/Resources/CustomModels/Бочка.fbx
  artifactKey: Guid(54b3bee1db4f9694e9b7b91e9cc881b1) Importer(815301076,1909f56bfc062723c751e8b465ee728b)
Start importing Assets/Resources/CustomModels/Бочка.fbx using Guid(54b3bee1db4f9694e9b7b91e9cc881b1) Importer(815301076,1909f56bfc062723c751e8b465ee728b)  -> (artifact id: 'a160a533b33ffba44f087ae13625b605') in 0.130028 seconds 
========================================================================
Received Import Request.
  Time since last request: 0.000016 seconds.
  path: Assets/Resources/CustomModels/Скамейка.gltf
  artifactKey: Guid(5b33e14500b085147adecd380d269182) Importer(815301076,1909f56bfc062723c751e8b465ee728b)
Start importing Assets/Resources/CustomModels/Скамейка.gltf using Guid(5b33e14500b085147adecd380d269182) Importer(815301076,1909f56bfc062723c751e8b465ee728b)  -> (artifact id: '3206c0c1c3fc9bbfda7ad6e5a953a464') in 0.192257 seconds 
========================================================================
Received Import Request.
  Time since last request: 3.798488 seconds.
  path: Assets/Resources/Icons/file.png
  artifactKey: Guid(a20c1c076002efe41be44bec5d7444f2) Importer(815301076,1909f56bfc062723c751e8b465ee728b)
Start importing Assets/Resources/Icons/file.png using Guid(a20c1c076002efe41be44bec5d7444f2) Importer(815301076,1909f56bfc062723c751e8b465ee728b)  -> (artifact id: 'a3da7d633f48924f87428bbbfa242cfd') in 0.029035 seconds 
========================================================================
Received Import Request.
  Time since last request: 0.000019 seconds.
  path: Assets/Resources/Icons/ore.png
  artifactKey: Guid(4790817acbb884d19ad4059cc7b87bb7) Importer(815301076,1909f56bfc062723c751e8b465ee728b)
Start importing Assets/Resources/Icons/ore.png using Guid(4790817acbb884d19ad4059cc7b87bb7) Importer(815301076,1909f56bfc062723c751e8b465ee728b)  -> (artifact id: '17a5dad563a19bcb21a3e72c3e792e43') in 0.020100 seconds 
========================================================================
Received Import Request.
  Time since last request: 2.261344 seconds.
  path: Assets/Resources/Prefabs/Calendar.prefab
  artifactKey: Guid(a6512d24100f57147afaaf51e72d23bd) Importer(815301076,1909f56bfc062723c751e8b465ee728b)
Start importing Assets/Resources/Prefabs/Calendar.prefab using Guid(a6512d24100f57147afaaf51e72d23bd) Importer(815301076,1909f56bfc062723c751e8b465ee728b)  -> (artifact id: '51c3f4f65561edc46479b4c566a1184e') in 0.059624 seconds 
========================================================================
Received Import Request.
  Time since last request: 0.000026 seconds.
  path: Assets/Resources/Prefabs/ore.prefab
  artifactKey: Guid(cba79bf24aa8646c0a8a566aa94def2b) Importer(815301076,1909f56bfc062723c751e8b465ee728b)
Start importing Assets/Resources/Prefabs/ore.prefab using Guid(cba79bf24aa8646c0a8a566aa94def2b) Importer(815301076,1909f56bfc062723c751e8b465ee728b)  -> (artifact id: '808e6037a07c29e1be5a156eb23bfc79') in 0.331582 seconds 
Editor requested this worker to shutdown with reason: Scaling down because of idle timeout
AssetImportWorker is now disconnected from the server
Process exiting
Exiting without the bug reporter. Application will terminate with return code 0